<?xml version="1.0" encoding="UTF-8"?>
<!-- Generated by org.testng.reporters.JUnitXMLReporter -->
<testsuite hostname="DESKTOP-RL0EJLK" ignored="0" name="BDD Test" tests="1" failures="1" timestamp="03 Jun 2018 07:08:52 GMT" time="111.909" errors="0">
  <testcase name="SampleTest" time="110.876" classname="com.qmetry.qaf.automation.step.client.Scenario">
    <failure type="java.lang.NullPointerException">
      <![CDATA[java.lang.NullPointerException
	at .And user click on 'Flights' Tab(scenarios/suite1.bdd:7)
	at java.util.regex.Matcher.getTextLength(Matcher.java:1283)
	at java.util.regex.Matcher.reset(Matcher.java:309)
	at java.util.regex.Matcher.<init>(Matcher.java:229)
	at java.util.regex.Pattern.matcher(Pattern.java:1093)
	at java.util.Formatter.parse(Formatter.java:2547)
	at java.util.Formatter.format(Formatter.java:2501)
	at java.util.Formatter.format(Formatter.java:2455)
	at java.lang.String.format(String.java:2940)
	at com.orbit.pages.HomePage.userClickOnTab(HomePage.java:32)
	at com.qmetry.qaf.automation.step.JavaStep.doExecute(JavaStep.java:160)
	at com.qmetry.qaf.automation.step.BaseTestStep.execute(BaseTestStep.java:149)
	at com.qmetry.qaf.automation.step.StringTestStep.execute(StringTestStep.java:134)
	at com.qmetry.qaf.automation.step.client.Scenario.execute(Scenario.java:167)
	at com.qmetry.qaf.automation.step.client.Scenario.scenario(Scenario.java:219)
]]>
    </failure>
  </testcase> <!-- SampleTest -->
</testsuite> <!-- BDD Test -->
